Using pre-set license
Built from '2021.1/staging' branch; Version is '2021.1.6f1 (c0fade0cc7e9) revision 12647134'; Using compiler version '192528614'; Build Type 'Release'
OS: 'Windows 10 Home; OS build 22621.3007; Version 2009; 64bit' Language: 'es' Physical Memory: 24389 MB
BatchMode: 1, IsHumanControllingUs: 0, StartBugReporterOnCrash: 0, Is64bit: 1, IsPro: 0

 COMMAND LINE ARGUMENTS:
C:\Program Files\Unity\Hub\Editor\2021.1.6f1\Editor\Unity.exe
-adb2
-batchMode
-noUpm
-name
AssetImportWorker0
-projectPath
D:/Users/raulb/Unity/new/Unity-Empty-Project
-logFile
Logs/AssetImportWorker0.log
-srvPort
61677
Successfully changed project path to: D:/Users/raulb/Unity/new/Unity-Empty-Project
D:/Users/raulb/Unity/new/Unity-Empty-Project
Using Asset Import Pipeline V2.
Refreshing native plugins compatible for Editor in 51.22 ms, found 1 plugins.
Preloading 0 native plugins for Editor in 0.00 ms.
Initialize engine version: 2021.1.6f1 (c0fade0cc7e9)
[Subsystems] Discovering subsystems at path C:/Program Files/Unity/Hub/Editor/2021.1.6f1/Editor/Data/Resources/UnitySubsystems
[Subsystems] Discovering subsystems at path D:/Users/raulb/Unity/new/Unity-Empty-Project/Assets
GfxDevice: creating device client; threaded=0; jobified=0
Direct3D:
    Version:  Direct3D 11.0 [level 11.1]
    Renderer: NVIDIA GeForce RTX 3060 (ID=0x2487)
    Vendor:   NVIDIA
    VRAM:     12124 MB
    Driver:   31.0.15.4601
Initialize mono
Mono path[0] = 'C:/Program Files/Unity/Hub/Editor/2021.1.6f1/Editor/Data/Managed'
Mono path[1] = 'C:/Program Files/Unity/Hub/Editor/2021.1.6f1/Editor/Data/MonoBleedingEdge/lib/mono/unityjit'
Mono config path = 'C:/Program Files/Unity/Hub/Editor/2021.1.6f1/Editor/Data/MonoBleedingEdge/etc'
Using monoOptions --debugger-agent=transport=dt_socket,embedding=1,server=y,suspend=n,address=127.0.0.1:56532
Begin MonoManager ReloadAssembly
Registering precompiled unity dll's ...
Register platform support module: C:/Program Files/Unity/Hub/Editor/2021.1.6f1/Editor/Data/PlaybackEngines/WindowsStandaloneSupport/UnityEditor.WindowsStandalone.Extensions.dll
Registered in 0.001604 seconds.
Native extension for WindowsStandalone target not found
Refreshing native plugins compatible for Editor in 51.10 ms, found 1 plugins.
Preloading 0 native plugins for Editor in 0.00 ms.
Mono: successfully reloaded assembly
- Completed reload, in  0.755 seconds
Platform modules already initialized, skipping
Registering precompiled user dll's ...
Registered in 0.003291 seconds.
Begin MonoManager ReloadAssembly
Native extension for WindowsStandalone target not found
Refreshing native plugins compatible for Editor in 0.33 ms, found 1 plugins.
Preloading 0 native plugins for Editor in 0.00 ms.
Mono: successfully reloaded assembly
- Completed reload, in  0.566 seconds
Platform modules already initialized, skipping
========================================================================
Worker process is ready to serve import requests
Launched and connected shader compiler UnityShaderCompiler.exe after 0.02 seconds
Refreshing native plugins compatible for Editor in 0.33 ms, found 1 plugins.
Preloading 0 native plugins for Editor in 0.00 ms.
Unloading 2723 Unused Serialized files (Serialized files now loaded: 0)
System memory in use before: 99.4 MB.
System memory in use after: 99.6 MB.

Unloading 14 unused Assets to reduce memory usage. Loaded Objects now: 3176.
Total: 1.349100 ms (FindLiveObjects: 0.158800 ms CreateObjectMapping: 0.055500 ms MarkObjects: 1.094100 ms  DeleteObjects: 0.039800 ms)

========================================================================
Received Import Request.
  path: Packages/com.tff.salvatore/Tests/Runtime/TFF.Salvatore.Runtime.Tests.asmdef
  artifactKey: Guid(319cfb6f10e1ed94d96d2fd017f57023) Importer(815301076,1909f56bfc062723c751e8b465ee728b)
Start importing Packages/com.tff.salvatore/Tests/Runtime/TFF.Salvatore.Runtime.Tests.asmdef using Guid(319cfb6f10e1ed94d96d2fd017f57023) Importer(815301076,1909f56bfc062723c751e8b465ee728b)  -> (artifact id: '682249c43648e34244c0ac25dde0b6e0') in 0.014194 seconds 
========================================================================
Received Import Request.
  Time since last request: 3.601756 seconds.
  path: Packages/com.tff.salvatore/package.json
  artifactKey: Guid(25c02b1a43e0e7f40a185e84812c08e0) Importer(815301076,1909f56bfc062723c751e8b465ee728b)
Start importing Packages/com.tff.salvatore/package.json using Guid(25c02b1a43e0e7f40a185e84812c08e0) Importer(815301076,1909f56bfc062723c751e8b465ee728b)  -> (artifact id: 'f8dabfc94a20f1d08bea85f77e2e3eba') in 0.012971 seconds 
AssetImportWorkerClient::OnTransportError - code=2 error=End of file
